<?xml version="1.0" encoding="UTF-8"?>
<!-- Generated by org.testng.reporters.JUnitReportReporter -->
<testsuite hostname="DESKTOP-N4HUTNH" failures="0" tests="1" name="Runnerone.Runnernew" time="415.478" errors="0" timestamp="2024-12-18T11:14:35 IST" skipped="0">
  <testcase classname="Runnerone.Runnernew" name="runScenario" time="415.478"/>
</testsuite> <!-- Runnerone.Runnernew -->
